This is pdfTeX, Version 3.14159265-2.6-1.40.21 (MiKTeX 2.9.7300 64-bit) (preloaded format=pdflatex 2020.2.20)  17 SEP 2020 20:57
entering extended mode
**./relaziones3.tex
(relaziones3.tex
LaTeX2e <2020-02-02> patch level 2
L3 programming layer <2020-02-14>
("C:\Users\gemma\AppData\Local\Programs\MiKTeX 2.9\tex/latex/base\article.cls"
Document Class: article 2019/12/20 v1.4l Standard LaTeX document class
("C:\Users\gemma\AppData\Local\Programs\MiKTeX 2.9\tex/latex/base\size12.clo"
File: size12.clo 2019/12/20 v1.4l Standard LaTeX file (size option)
)
\c@part=\count167
\c@section=\count168
\c@subsection=\count169
\c@subsubsection=\count170
\c@paragraph=\count171
\c@subparagraph=\count172
\c@figure=\count173
\c@table=\count174
\abovecaptionskip=\skip47
\belowcaptionskip=\skip48
\bibindent=\dimen134
)
("C:\Users\gemma\AppData\Local\Programs\MiKTeX 2.9\tex/latex/graphics\graphicx.
sty"
Package: graphicx 2019/11/30 v1.2a Enhanced LaTeX Graphics (DPC,SPQR)

("C:\Users\gemma\AppData\Local\Programs\MiKTeX 2.9\tex/latex/graphics\keyval.st
y"
Package: keyval 2014/10/28 v1.15 key=value parser (DPC)
\KV@toks@=\toks14
)
("C:\Users\gemma\AppData\Local\Programs\MiKTeX 2.9\tex/latex/graphics\graphics.
sty"
Package: graphics 2019/11/30 v1.4a Standard LaTeX Graphics (DPC,SPQR)

("C:\Users\gemma\AppData\Local\Programs\MiKTeX 2.9\tex/latex/graphics\trig.sty"
Package: trig 2016/01/03 v1.10 sin cos tan (DPC)
)
("C:\Users\gemma\AppData\Local\Programs\MiKTeX 2.9\tex/latex/graphics-cfg\graph
ics.cfg"
File: graphics.cfg 2016/06/04 v1.11 sample graphics configuration
)
Package graphics Info: Driver file: pdftex.def on input line 105.

("C:\Users\gemma\AppData\Local\Programs\MiKTeX 2.9\tex/latex/graphics-def\pdfte
x.def"
File: pdftex.def 2018/01/08 v1.0l Graphics/color driver for pdftex
))
\Gin@req@height=\dimen135
\Gin@req@width=\dimen136
)
("C:\Users\gemma\AppData\Local\Programs\MiKTeX 2.9\tex/latex/geometry\geometry.
sty"
Package: geometry 2020/01/02 v5.9 Page Geometry

("C:\Users\gemma\AppData\Local\Programs\MiKTeX 2.9\tex/generic/iftex\ifvtex.sty
"
Package: ifvtex 2019/10/25 v1.7 ifvtex legacy package. Use iftex instead.
 ("C:\Users\gemma\AppData\Local\Programs\MiKTeX 2.9\tex/generic/iftex\iftex.sty
"
Package: iftex 2019/11/07 v1.0c TeX engine tests
))
\Gm@cnth=\count175
\Gm@cntv=\count176
\c@Gm@tempcnt=\count177
\Gm@bindingoffset=\dimen137
\Gm@wd@mp=\dimen138
\Gm@odd@mp=\dimen139
\Gm@even@mp=\dimen140
\Gm@layoutwidth=\dimen141
\Gm@layoutheight=\dimen142
\Gm@layouthoffset=\dimen143
\Gm@layoutvoffset=\dimen144
\Gm@dimlist=\toks15

("C:\Users\gemma\AppData\Local\Programs\MiKTeX 2.9\tex/latex/geometry\geometry.
cfg"))
("C:\Users\gemma\AppData\Local\Programs\MiKTeX 2.9\tex/latex/float\float.sty"
Package: float 2001/11/08 v1.3d Float enhancements (AL)
\c@float@type=\count178
\float@exts=\toks16
\float@box=\box45
\@float@everytoks=\toks17
\@floatcapt=\box46
)
("C:\Users\gemma\AppData\Local\Programs\MiKTeX 2.9\tex/latex/amsmath\amsmath.st
y"
Package: amsmath 2020/01/20 v2.17e AMS math features
\@mathmargin=\skip49

For additional information on amsmath, use the `?' option.

("C:\Users\gemma\AppData\Local\Programs\MiKTeX 2.9\tex/latex/amsmath\amstext.st
y"
Package: amstext 2000/06/29 v2.01 AMS text

("C:\Users\gemma\AppData\Local\Programs\MiKTeX 2.9\tex/latex/amsmath\amsgen.sty
"
File: amsgen.sty 1999/11/30 v2.0 generic functions
\@emptytoks=\toks18
\ex@=\dimen145
))
("C:\Users\gemma\AppData\Local\Programs\MiKTeX 2.9\tex/latex/amsmath\amsbsy.sty
"
Package: amsbsy 1999/11/29 v1.2d Bold Symbols
\pmbraise@=\dimen146
)
("C:\Users\gemma\AppData\Local\Programs\MiKTeX 2.9\tex/latex/amsmath\amsopn.sty
"
Package: amsopn 2016/03/08 v2.02 operator names
)
\inf@bad=\count179
LaTeX Info: Redefining \frac on input line 227.
\uproot@=\count180
\leftroot@=\count181
LaTeX Info: Redefining \overline on input line 389.
\classnum@=\count182
\DOTSCASE@=\count183
LaTeX Info: Redefining \ldots on input line 486.
LaTeX Info: Redefining \dots on input line 489.
LaTeX Info: Redefining \cdots on input line 610.
\Mathstrutbox@=\box47
\strutbox@=\box48
\big@size=\dimen147
LaTeX Font Info:    Redeclaring font encoding OML on input line 733.
LaTeX Font Info:    Redeclaring font encoding OMS on input line 734.
\macc@depth=\count184
\c@MaxMatrixCols=\count185
\dotsspace@=\muskip16
\c@parentequation=\count186
\dspbrk@lvl=\count187
\tag@help=\toks19
\row@=\count188
\column@=\count189
\maxfields@=\count190
\andhelp@=\toks20
\eqnshift@=\dimen148
\alignsep@=\dimen149
\tagshift@=\dimen150
\tagwidth@=\dimen151
\totwidth@=\dimen152
\lineht@=\dimen153
\@envbody=\toks21
\multlinegap=\skip50
\multlinetaggap=\skip51
\mathdisplay@stack=\toks22
LaTeX Info: Redefining \[ on input line 2859.
LaTeX Info: Redefining \] on input line 2860.
)
("C:\Users\gemma\AppData\Local\Programs\MiKTeX 2.9\tex/generic/babel\babel.sty"
Package: babel 2020/02/14 3.40 The Babel package
("C:\Users\gemma\AppData\Local\Programs\MiKTeX 2.9\tex/generic/babel\switch.def
"
File: switch.def 2020/02/14 3.40 Babel switching mechanism
)
*************************************
* Local config file bblopts.cfg used
*
("C:\Users\gemma\AppData\Local\Programs\MiKTeX 2.9\tex/latex/arabi\bblopts.cfg"
File: bblopts.cfg 2005/09/08 v0.1 add Arabic and Farsi to "declared" options of
 babel
)
("C:\Users\gemma\AppData\Local\Programs\MiKTeX 2.9\tex/latex/babel-italian\ital
ian.ldf"
Language: italian 2019/11/16 v.1.4.03 Italian support for the babel system

("C:\Users\gemma\AppData\Local\Programs\MiKTeX 2.9\tex/generic/babel\babel.def"
File: babel.def 2020/02/14 3.40 Babel common definitions
\babel@savecnt=\count191
\U@D=\dimen154

("C:\Users\gemma\AppData\Local\Programs\MiKTeX 2.9\tex/generic/babel\txtbabel.d
ef")
\bbl@readstream=\read2
\bbl@dirlevel=\count192
)
\it@lettering=\count193
\it@doublequoteactive=\count194
\it@ISOcompliance=\count195
))
("C:\Users\gemma\AppData\Local\Programs\MiKTeX 2.9\tex/latex/etoolbox\etoolbox.
sty"
Package: etoolbox 2019/09/21 v2.5h e-TeX tools for LaTeX (JAW)
\etb@tempcnta=\count196
)
("C:\Users\gemma\AppData\Local\Programs\MiKTeX 2.9\tex/latex/listings\listings.
sty"
\lst@mode=\count197
\lst@gtempboxa=\box49
\lst@token=\toks23
\lst@length=\count198
\lst@currlwidth=\dimen155
\lst@column=\count199
\lst@pos=\count266
\lst@lostspace=\dimen156
\lst@width=\dimen157
\lst@newlines=\count267
\lst@lineno=\count268
\lst@maxwidth=\dimen158

("C:\Users\gemma\AppData\Local\Programs\MiKTeX 2.9\tex/latex/listings\lstmisc.s
ty"
File: lstmisc.sty 2019/09/10 1.8c (Carsten Heinz)
\c@lstnumber=\count269
\lst@skipnumbers=\count270
\lst@framebox=\box50
)
("C:\Users\gemma\AppData\Local\Programs\MiKTeX 2.9\tex/latex/listings\listings.
cfg"
File: listings.cfg 2019/09/10 1.8c listings configuration
))
Package: listings 2019/09/10 1.8c (Carsten Heinz)

("C:\Users\gemma\AppData\Local\Programs\MiKTeX 2.9\tex/latex/xcolor\xcolor.sty"
Package: xcolor 2016/05/11 v2.12 LaTeX color extensions (UK)

("C:\Users\gemma\AppData\Local\Programs\MiKTeX 2.9\tex/latex/graphics-cfg\color
.cfg"
File: color.cfg 2016/01/02 v1.6 sample color configuration
)
Package xcolor Info: Driver file: pdftex.def on input line 225.
Package xcolor Info: Model `cmy' substituted by `cmy0' on input line 1348.
Package xcolor Info: Model `hsb' substituted by `rgb' on input line 1352.
Package xcolor Info: Model `RGB' extended on input line 1364.
Package xcolor Info: Model `HTML' substituted by `rgb' on input line 1366.
Package xcolor Info: Model `Hsb' substituted by `hsb' on input line 1367.
Package xcolor Info: Model `tHsb' substituted by `hsb' on input line 1368.
Package xcolor Info: Model `HSB' substituted by `hsb' on input line 1369.
Package xcolor Info: Model `Gray' substituted by `gray' on input line 1370.
Package xcolor Info: Model `wave' substituted by `hsb' on input line 1371.
)
("C:\Users\gemma\AppData\Local\Programs\MiKTeX 2.9\tex/latex/l3backend\l3backen
d-pdfmode.def"
File: l3backend-pdfmode.def 2020-02-03 L3 backend support: PDF mode
\l__kernel_color_stack_int=\count271
\l__pdf_internal_box=\box51
) (relaziones3.aux)
\openout1 = `relaziones3.aux'.

LaTeX Font Info:    Checking defaults for OML/cmm/m/it on input line 29.
LaTeX Font Info:    ... okay on input line 29.
LaTeX Font Info:    Checking defaults for OMS/cmsy/m/n on input line 29.
LaTeX Font Info:    ... okay on input line 29.
LaTeX Font Info:    Checking defaults for OT1/cmr/m/n on input line 29.
LaTeX Font Info:    ... okay on input line 29.
LaTeX Font Info:    Checking defaults for T1/cmr/m/n on input line 29.
LaTeX Font Info:    ... okay on input line 29.
LaTeX Font Info:    Checking defaults for TS1/cmr/m/n on input line 29.
LaTeX Font Info:    ... okay on input line 29.
LaTeX Font Info:    Checking defaults for OMX/cmex/m/n on input line 29.
LaTeX Font Info:    ... okay on input line 29.
LaTeX Font Info:    Checking defaults for U/cmr/m/n on input line 29.
LaTeX Font Info:    ... okay on input line 29.

("C:\Users\gemma\AppData\Local\Programs\MiKTeX 2.9\tex/context/base/mkii\supp-p
df.mkii"
[Loading MPS to PDF converter (version 2006.09.02).]
\scratchcounter=\count272
\scratchdimen=\dimen159
\scratchbox=\box52
\nofMPsegments=\count273
\nofMParguments=\count274
\everyMPshowfont=\toks24
\MPscratchCnt=\count275
\MPscratchDim=\dimen160
\MPnumerator=\count276
\makeMPintoPDFobject=\count277
\everyMPtoPDFconversion=\toks25
)
("C:\Users\gemma\AppData\Local\Programs\MiKTeX 2.9\tex/latex/epstopdf-pkg\epsto
pdf-base.sty"
Package: epstopdf-base 2020-01-24 v2.11 Base part for package epstopdf
Package epstopdf-base Info: Redefining graphics rule for `.eps' on input line 4
85.
)
*geometry* driver: auto-detecting
*geometry* detected driver: pdftex
*geometry* verbose mode - [ preamble ] result:
* driver: pdftex
* paper: <default>
* layout: <same size as paper>
* layoutoffset:(h,v)=(0.0pt,0.0pt)
* modes: 
* h-part:(L,W,R)=(92.14519pt, 430.00462pt, 92.14519pt)
* v-part:(T,H,B)=(95.39737pt, 556.47656pt, 143.09605pt)
* \paperwidth=614.295pt
* \paperheight=794.96999pt
* \textwidth=430.00462pt
* \textheight=556.47656pt
* \oddsidemargin=19.8752pt
* \evensidemargin=19.8752pt
* \topmargin=-13.87262pt
* \headheight=12.0pt
* \headsep=25.0pt
* \topskip=12.0pt
* \footskip=30.0pt
* \marginparwidth=44.0pt
* \marginparsep=10.0pt
* \columnsep=10.0pt
* \skip\footins=10.8pt plus 4.0pt minus 2.0pt
* \hoffset=0.0pt
* \voffset=0.0pt
* \mag=1000
* \@twocolumnfalse
* \@twosidefalse
* \@mparswitchfalse
* \@reversemarginfalse
* (1in=72.27pt=25.4mm, 1cm=28.453pt)

LaTeX Info: Redefining \it@ocap on input line 29.
LaTeX Info: Redefining \it@ccap on input line 29.

File italian.ldf warning: 
italian.ldf    With OT1 encoding guillemets are poorly faked
italian.ldf    Use T1 encoding
italian.ldf    or specify a font with command \CaporaliFrom
italian.ldf    See the documentation concerning the babel-italian typesetting 
italian.ldf    on input line 29.

\c@lstlisting=\count278
[1

{C:/Users/gemma/AppData/Local/MiKTeX/2.9/pdftex/config/pdftex.map}]
Underfull \hbox (badness 10000) in paragraph at lines 74--77

 []

<Graph.png, id=7, 462.528pt x 346.896pt>
File: Graph.png Graphic file (type png)
<use Graph.png>
Package pdftex.def Info: Graph.png  used on input line 81.
(pdftex.def)             Requested size: 284.52756pt x 213.40593pt.

Underfull \hbox (badness 10000) in paragraph at lines 78--84

 []

[1] [2 <./Graph.png>]
Underfull \hbox (badness 10000) in paragraph at lines 125--126

 []


Underfull \hbox (badness 10000) in paragraph at lines 125--126

 []


Underfull \hbox (badness 10000) in paragraph at lines 129--130

 []

[3]
<prob0_scc_and_time.png, id=25, 424.2249pt x 328.1058pt>
File: prob0_scc_and_time.png Graphic file (type png)
<use prob0_scc_and_time.png>
Package pdftex.def Info: prob0_scc_and_time.png  used on input line 169.
(pdftex.def)             Requested size: 258.00539pt x 199.54846pt.
<prob0_and_time.png, id=26, 463.9734pt x 328.1058pt>
File: prob0_and_time.png Graphic file (type png)
<use prob0_and_time.png>
Package pdftex.def Info: prob0_and_time.png  used on input line 169.
(pdftex.def)             Requested size: 258.00539pt x 182.45132pt.
 [4]
<prob10_scc_and_time.png, id=31, 422.0568pt x 328.1058pt>
File: prob10_scc_and_time.png Graphic file (type png)
<use prob10_scc_and_time.png>
Package pdftex.def Info: prob10_scc_and_time.png  used on input line 185.
(pdftex.def)             Requested size: 258.00539pt x 200.5798pt.
<prob10_and_time.png, id=32, 468.3096pt x 328.1058pt>
File: prob10_and_time.png Graphic file (type png)
<use prob10_and_time.png>
Package pdftex.def Info: prob10_and_time.png  used on input line 185.
(pdftex.def)             Requested size: 258.00539pt x 180.76915pt.
 [5 <./prob0_scc_and_time.png> <./prob0_and_time.png> <./prob10_scc_and_time.pn
g> <./prob10_and_time.png>]
<prob20_scc_and_time.png, id=40, 415.5525pt x 328.1058pt>
File: prob20_scc_and_time.png Graphic file (type png)
<use prob20_scc_and_time.png>
Package pdftex.def Info: prob20_scc_and_time.png  used on input line 202.
(pdftex.def)             Requested size: 258.00539pt x 203.71887pt.
<prob20_and_time.png, id=41, 461.8053pt x 328.1058pt>
File: prob20_and_time.png Graphic file (type png)
<use prob20_and_time.png>
Package pdftex.def Info: prob20_and_time.png  used on input line 202.
(pdftex.def)             Requested size: 258.00539pt x 183.31744pt.
<prob30_scc_and_time.png, id=42, 424.9476pt x 328.1058pt>
File: prob30_scc_and_time.png Graphic file (type png)
<use prob30_scc_and_time.png>
Package pdftex.def Info: prob30_scc_and_time.png  used on input line 218.
(pdftex.def)             Requested size: 258.00539pt x 199.20802pt.
<prob30_and_time.png, id=43, 461.8053pt x 328.1058pt>
File: prob30_and_time.png Graphic file (type png)
<use prob30_and_time.png>
Package pdftex.def Info: prob30_and_time.png  used on input line 218.
(pdftex.def)             Requested size: 258.00539pt x 183.31744pt.
<prob40_scc_and_time.png, id=44, 424.9476pt x 328.1058pt>
File: prob40_scc_and_time.png Graphic file (type png)
<use prob40_scc_and_time.png>
Package pdftex.def Info: prob40_scc_and_time.png  used on input line 234.
(pdftex.def)             Requested size: 258.00539pt x 199.20802pt.
<prob40_and_time.png, id=45, 461.8053pt x 328.1058pt>
File: prob40_and_time.png Graphic file (type png)
<use prob40_and_time.png>
Package pdftex.def Info: prob40_and_time.png  used on input line 234.
(pdftex.def)             Requested size: 258.00539pt x 183.31744pt.
 [6 <./prob20_scc_and_time.png> <./prob20_and_time.png> <./prob30_scc_and_time.
png> <./prob30_and_time.png>]
<prob50_scc_and_time.png, id=54, 424.9476pt x 328.1058pt>
File: prob50_scc_and_time.png Graphic file (type png)
<use prob50_scc_and_time.png>
Package pdftex.def Info: prob50_scc_and_time.png  used on input line 251.
(pdftex.def)             Requested size: 258.00539pt x 199.20802pt.
<prob50_and_time.png, id=55, 461.8053pt x 328.1058pt>
File: prob50_and_time.png Graphic file (type png)
<use prob50_and_time.png>
Package pdftex.def Info: prob50_and_time.png  used on input line 251.
(pdftex.def)             Requested size: 258.00539pt x 183.31744pt.
<prob60_scc_and_time.png, id=56, 424.9476pt x 328.1058pt>
File: prob60_scc_and_time.png Graphic file (type png)
<use prob60_scc_and_time.png>
Package pdftex.def Info: prob60_scc_and_time.png  used on input line 267.
(pdftex.def)             Requested size: 258.00539pt x 199.20802pt.
<prob60_and_time.png, id=57, 455.301pt x 328.1058pt>
File: prob60_and_time.png Graphic file (type png)
<use prob60_and_time.png>
Package pdftex.def Info: prob60_and_time.png  used on input line 267.
(pdftex.def)             Requested size: 258.00539pt x 185.93083pt.
 [7 <./prob40_scc_and_time.png> <./prob40_and_time.png> <./prob50_scc_and_time.
png> <./prob50_and_time.png>]
<prob70_scc_and_time.png, id=65, 431.4519pt x 328.1058pt>
File: prob70_scc_and_time.png Graphic file (type png)
<use prob70_scc_and_time.png>
Package pdftex.def Info: prob70_scc_and_time.png  used on input line 283.
(pdftex.def)             Requested size: 258.00539pt x 196.20914pt.
<prob70_and_time.png, id=66, 455.301pt x 328.1058pt>
File: prob70_and_time.png Graphic file (type png)
<use prob70_and_time.png>
Package pdftex.def Info: prob70_and_time.png  used on input line 283.
(pdftex.def)             Requested size: 258.00539pt x 185.93083pt.
<prob80_scc_and_time.png, id=67, 424.9476pt x 328.1058pt>
File: prob80_scc_and_time.png Graphic file (type png)
<use prob80_scc_and_time.png>
Package pdftex.def Info: prob80_scc_and_time.png  used on input line 300.
(pdftex.def)             Requested size: 258.00539pt x 199.20802pt.
<prob80_and_time.png, id=68, 455.301pt x 328.1058pt>
File: prob80_and_time.png Graphic file (type png)
<use prob80_and_time.png>
Package pdftex.def Info: prob80_and_time.png  used on input line 300.
(pdftex.def)             Requested size: 258.00539pt x 185.93083pt.
 [8 <./prob60_scc_and_time.png> <./prob60_and_time.png> <./prob70_scc_and_time.
png> <./prob70_and_time.png>]
<prob90_scc_and_time.png, id=76, 424.9476pt x 328.1058pt>
File: prob90_scc_and_time.png Graphic file (type png)
<use prob90_scc_and_time.png>
Package pdftex.def Info: prob90_scc_and_time.png  used on input line 316.
(pdftex.def)             Requested size: 258.00539pt x 199.20802pt.
<prob90_and_time.png, id=77, 455.301pt x 328.1058pt>
File: prob90_and_time.png Graphic file (type png)
<use prob90_and_time.png>
Package pdftex.def Info: prob90_and_time.png  used on input line 316.
(pdftex.def)             Requested size: 258.00539pt x 185.93083pt.
<prob100_scc_and_time.png, id=78, 428.5611pt x 328.1058pt>
File: prob100_scc_and_time.png Graphic file (type png)
<use prob100_scc_and_time.png>
Package pdftex.def Info: prob100_scc_and_time.png  used on input line 333.
(pdftex.def)             Requested size: 258.00539pt x 197.54086pt.
<prob100_and_time.png, id=79, 458.9145pt x 328.1058pt>
File: prob100_and_time.png Graphic file (type png)
<use prob100_and_time.png>
Package pdftex.def Info: prob100_and_time.png  used on input line 333.
(pdftex.def)             Requested size: 258.00539pt x 184.46393pt.
 [9 <./prob80_scc_and_time.png> <./prob80_and_time.png> <./prob90_scc_and_time.
png> <./prob90_and_time.png>]
<prob_and_scc.png, id=87, 412.6617pt x 328.1058pt>
File: prob_and_scc.png Graphic file (type png)
<use prob_and_scc.png>
Package pdftex.def Info: prob_and_scc.png  used on input line 340.
(pdftex.def)             Requested size: 430.00462pt x 341.89786pt.

[10 <./prob100_scc_and_time.png> <./prob100_and_time.png>] [11 <./prob_and_scc.
png>] [12] (relaziones3.aux)

LaTeX Warning: Label(s) may have changed. Rerun to get cross-references right.

 ) 
Here is how much of TeX's memory you used:
 5593 strings out of 481556
 77129 string characters out of 2913869
 380270 words of memory out of 3000000
 20800 multiletter control sequences out of 15000+200000
 538677 words of font info for 46 fonts, out of 3000000 for 9000
 1141 hyphenation exceptions out of 8191
 30i,10n,37p,806b,1103s stack positions out of 5000i,500n,10000p,200000b,50000s
 <C:\Users\gemma\AppData\Local\MiKTeX\2.9\fonts/pk/ljfour/jknappen/ec/dpi600\
tcrm1200.pk><C:/Users/gemma/AppData/Local/Programs/MiKTeX 2.9/fonts/type1/publi
c/amsfonts/cm/cmbx12.pfb><C:/Users/gemma/AppData/Local/Programs/MiKTeX 2.9/font
s/type1/public/amsfonts/cm/cmmi12.pfb><C:/Users/gemma/AppData/Local/Programs/Mi
KTeX 2.9/fonts/type1/public/amsfonts/cm/cmmi8.pfb><C:/Users/gemma/AppData/Local
/Programs/MiKTeX 2.9/fonts/type1/public/amsfonts/cm/cmr12.pfb><C:/Users/gemma/A
ppData/Local/Programs/MiKTeX 2.9/fonts/type1/public/amsfonts/cm/cmr17.pfb><C:/U
sers/gemma/AppData/Local/Programs/MiKTeX 2.9/fonts/type1/public/amsfonts/cm/cmr
6.pfb><C:/Users/gemma/AppData/Local/Programs/MiKTeX 2.9/fonts/type1/public/amsf
onts/cm/cmr8.pfb><C:/Users/gemma/AppData/Local/Programs/MiKTeX 2.9/fonts/type1/
public/amsfonts/cm/cmsy10.pfb><C:/Users/gemma/AppData/Local/Programs/MiKTeX 2.9
/fonts/type1/public/amsfonts/cm/cmtt10.pfb>
Output written on relaziones3.pdf (13 pages, 867386 bytes).
PDF statistics:
 135 PDF objects out of 1000 (max. 8388607)
 0 named destinations out of 1000 (max. 500000)
 121 words of extra memory for PDF output out of 10000 (max. 10000000)

